c:\users\user\documents\visual studio 2015\projects\anipang\anipang\debug\vc140.pdb
c:\users\user\documents\visual studio 2015\projects\anipang\anipang\debug\vc140.idb
c:\users\user\documents\visual studio 2015\projects\anipang\anipang\debug\bitmap.obj
c:\users\user\documents\visual studio 2015\projects\anipang\anipang\debug\gamemanager.obj
c:\users\user\documents\visual studio 2015\projects\anipang\anipang\debug\main.obj
c:\users\user\documents\visual studio 2015\projects\anipang\anipang\debug\resourcemanager.obj
c:\users\user\documents\visual studio 2015\projects\anipang\anipang\debug\character.obj
c:\users\user\documents\visual studio 2015\projects\anipang\anipang\debug\object.obj
c:\users\user\documents\visual studio 2015\projects\anipang\debug\anipang.ilk
c:\users\user\documents\visual studio 2015\projects\anipang\debug\anipang.exe
c:\users\user\documents\visual studio 2015\projects\anipang\debug\anipang.pdb
c:\users\user\documents\visual studio 2015\projects\anipang\anipang\debug\anipang.res
c:\users\user\documents\visual studio 2015\projects\anipang\anipang\debug\anipang.tlog\cl.command.1.tlog
c:\users\user\documents\visual studio 2015\projects\anipang\anipang\debug\anipang.tlog\cl.read.1.tlog
c:\users\user\documents\visual studio 2015\projects\anipang\anipang\debug\anipang.tlog\cl.write.1.tlog
c:\users\user\documents\visual studio 2015\projects\anipang\anipang\debug\anipang.tlog\link.command.1.tlog
c:\users\user\documents\visual studio 2015\projects\anipang\anipang\debug\anipang.tlog\link.read.1.tlog
c:\users\user\documents\visual studio 2015\projects\anipang\anipang\debug\anipang.tlog\link.write.1.tlog
c:\users\user\documents\visual studio 2015\projects\anipang\anipang\debug\anipang.tlog\rc.command.1.tlog
c:\users\user\documents\visual studio 2015\projects\anipang\anipang\debug\anipang.tlog\rc.read.1.tlog
c:\users\user\documents\visual studio 2015\projects\anipang\anipang\debug\anipang.tlog\rc.write.1.tlog
